#
# There is insufficient memory for the Java Runtime Environment to continue.
# Native memory allocation (mmap) failed to map 130023424 bytes. Error detail: G1 virtual space
# Possible reasons:
#   The system is out of physical RAM or swap space
#   This process is running with CompressedOops enabled, and the Java Heap may be blocking the growth of the native heap
# Possible solutions:
#   Reduce memory load on the system
#   Increase physical memory or swap space
#   Check if swap backing store is full
#   Decrease Java heap size (-Xmx/-Xms)
#   Decrease number of Java threads
#   Decrease Java thread stack sizes (-Xss)
#   Set larger code cache with -XX:ReservedCodeCacheSize=
#   JVM is running with Unscaled Compressed Oops mode in which the Java heap is
#     placed in the first 4GB address space. The Java Heap base address is the
#     maximum limit for the native heap growth. Please use -XX:HeapBaseMinAddress
#     to set the Java Heap base and to place the Java Heap above 4GB virtual address.
# This output file may be truncated or incomplete.
#
#  Out of Memory Error (os_windows.cpp:3631), pid=20188, tid=17356
#
# JRE version:  (22.0.2+9) (build )
# Java VM: Java HotSpot(TM) 64-Bit Server VM (22.0.2+9-70, mixed mode, sharing, tiered, compressed oops, compressed class ptrs, g1 gc, windows-amd64)
# No core dump will be written. Minidumps are not enabled by default on client versions of Windows
#

---------------  S U M M A R Y ------------

Command Line: C:\Users\Fawzi Ouaheb\OneDrive\Bureau\Projet Crèches\code\2024_M2_PRO-03_GR11\app-front-site-vitrine\node_modules\@openapitools\openapi-generator-cli\versions\7.9.0.jar help

Host: Intel(R) Core(TM) i5-8265U CPU @ 1.60GHz, 8 cores, 7G,  Windows 11 , 64 bit Build 26100 (10.0.26100.3624)
Time: Thu Apr 10 11:21:31 2025 Paris, Madrid (heure duild 26100 (10.0.26100.3624) elapsed time: 3.086639 seconds (0d 0h 0m 3s)

---------------  T H R E A D  ---------------

Current thread (0x0000018befe8f800):  JavaThread "Unknown thread" [_thread_in_vm, id=17356, stack(0x0000004613200000,0x0000004613300000) (1024K)]

Stack: [0x0000004613200000,0x0000004613300000]
Native frames: (J=compiled Java code, j=interpreted, Vv=VM code, C=native code)
V  [jvm.dll+0x6e26e9]  (no source info available)
V  [jvm.dll+0x875753]  (no source info available)
V  [jvm.dll+0x877b7e]  (no source info available)
V  [jvm.dll+0x878253]  (no source info available)
V  [jvm.dll+0x27fc86]  (no source info available)
V  [jvm.dll+0x6ded85]  (no source info available)
V  [jvm.dll+0x6d388a]  (no source info available)
V  [jvm.dll+0x358b8a]  (no source info available)
V  [jvm.dll+0x3610b6]  (no source info available)
V  [jvm.dll+0x3b419e]  (no source info available)
V  [jvm.dll+0x3b4448]  (no source info available)
V  [jvm.dll+0x32c5ec]  (no source info available)
V  [jvm.dll+0x32d258]  (no source info available)
V  [jvm.dll+0x83d5ac]  (no source info available)
V  [jvm.dll+0x3c10d1]  (no source info available)
V  [jvm.dll+0x8264cc]  (no source info available)
V  [jvm.dll+0x45bd5e]  (no source info available)
V  [jvm.dll+0x45dbe1]  (no source info available)
C  [jli.dll+0x52a3]  (no source info available)
C  [ucrtbase.dll+0x37b0]  (no source info available)
C  [KERNEL32.DLL+0x2e8d7]  (no source info available)
C  [ntdll.dll+0xb14fc]  (no source info available)


---------------  P R O C E S S  ---------------

Threads class SMR info:
_java_thread_list=0x00007ff92bbbc1c8, length=0, elements={
}

Java Threads: ( => current thread )
Total: 0

Other Threads:
  0x0000018befee8c30 WorkerThread "GC Thread#0"                     [id=8308, stack(0x0000004613300000,0x0000004613400000) (1024K)]
  0x0000018befefa340 ConcurrentGCThread "G1 Main Marker"            [id=21724, stack(0x0000004613400000,0x0000004613500000) (1024K)]
  0x0000018befefae50 WorkerThread "G1 Conc#0"                       [id=3436, stack(0x0000004613500000,0x0000004613600000) (1024K)]

[error occurred during error reporting (printing all threads), id 0xc0000005, EXCEPTION_ACCESS_VIOLATION (0xc0000005) at pc=0x00007ff92b30f517]
VM state: not at safepoint (not fully initialized)

VM Mutex/Monitor currently owned by a thread:  ([mutex/lock_event])
[0x00007ff92bc3cc80] Heap_lock - owner thread: 0x0000018befe8f800

Heap address: 0x0000000084000000, size: 1984 MB, Compressed Oops mode: 32-bit

CDS archive(s) mapped at: [0x0000000000000000-0x0000000000000000-0x0000000000000000), size 0, SharedBaseAddress: 0x0000000800000000, ArchiveRelocationMode: 1.
Narrow klass base: 0x0000000000000000, Narrow klass shift: 0, Narrow klass range: 0x0

GC Precious Log:
 CardTable entry size: 512
 Card Set container configuration: InlinePtr #cards 5 size 8 Array Of Cards #cards 12 size 40 Howl #buckets 4 coarsen threshold 1843 Howl Bitmap #cards 512 size 80 coarsen threshold 460 Card regions per heap region 1 cards per card region 2048

Heap:
 garbage-first heap   total reserved 2031616K, committed 0K, used 0K [0x0000000084000000, 0x0000000100000000)
  region size 1024K, 0 young (0K), 0 survivors (0K)

[error occurred during error reporting (printing heap information), id 0xc0000005, EXCEPTION_ACCESS_VIOLATION (0xc0000005) at pc=0x00007ff92b70e869]
GC Heap History (0 events):
No events

Dll operation events (1 events):
Event: 1.164 Loaded shared library C:\Program Files\Java\jdk-22\bin\java.dll

Deoptimization events (0 events):
No events

Classes loaded (0 events):
No events

Classes unloaded (0 events):
No events

Classes redefined (0 events):
No events

Internal exceptions (0 events):
No events

ZGC Phase Switch (0 events):
No events

VM Operations (0 events):
No events

Memory protections (0 events):
No events

Nmethod flushes (0 events):
No events

Events (0 events):
No events


Dynamic libraries:
0x00007ff6c87b0000 - 0x00007ff6c87c0000 	C:\Program Files\Java\jdk-22\bin\java.exe
0x00007ff9a9720000 - 0x00007ff9a9980000 	C:\WINDOWS\SYSTEM32\ntdll.dll
0x00007ff9a7fd0000 - 0x00007ff9a8097000 	C:\WINDOWS\System32\KERNEL32.DLL
0x00007ff9a6f40000 - 0x00007ff9a730b000 	C:\WINDOWS\System32\KERNELBASE.dll
0x00007ff9a7310000 - 0x00007ff9a745b000 	C:\WINDOWS\System32\ucrtbase.dll
0x00007ff992c00000 - 0x00007ff992c17000 	C:\Program Files\Java\jdk-22\bin\jli.dll
0x00007ff9a7e00000 - 0x00007ff9a7fcc000 	C:\WINDOWS\System32\USER32.dll
0x00007ff9a6dd0000 - 0x00007ff9a6df7000 	C:\WINDOWS\System32\win32u.dll
0x00007ff9a0060000 - 0x00007ff9a007b000 	C:\Program Files\Java\jdk-22\bin\VCRUNTIME140.dll
0x00007ff9a96b0000 - 0x00007ff9a96da000 	C:\WINDOWS\System32\GDI32.dll
0x00007ff9a6e00000 - 0x00007ff9a6f31000 	C:\WINDOWS\System32\gdi32full.dll
0x00007ff9a6a80000 - 0x00007ff9a6b23000 	C:\WINDOWS\System32\msvcp_win.dll
0x00007ff98ade0000 - 0x00007ff98b077000 	C:\WINDOWS\WinSxS\amd64_microsoft.windows.common-controls_6595b64144ccf1df_6.0.26100.3624_none_3e086962e3345f24\COMCTL32.dll
0x00007ff9a8450000 - 0x00007ff9a84f9000 	C:\WINDOWS\System32\msvcrt.dll
0x00007ff9a81d0000 - 0x00007ff9a81ff000 	C:\WINDOWS\System32\IMM32.DLL
0x00007ff9a00f0000 - 0x00007ff9a00fc000 	C:\Program Files\Java\jdk-22\bin\vcruntime140_1.dll
0x00007ff950a60000 - 0x00007ff950aee000 	C:\Program Files\Java\jdk-22\bin\msvcp140.dll
0x00007ff92afd0000 - 0x00007ff92bd19000 	C:\Program Files\Java\jdk-22\bin\server\jvm.dll
0x00007ff9a7520000 - 0x00007ff9a75d3000 	C:\WINDOWS\System32\ADVAPI32.dll
0x00007ff9a83a0000 - 0x00007ff9a8446000 	C:\WINDOWS\System32\sechost.dll
0x00007ff9a80b0000 - 0x00007ff9a81c6000 	C:\WINDOWS\System32\RPCRT4.dll
0x00007ff9a8c30000 - 0x00007ff9a8ca4000 	C:\WINDOWS\System32\WS2_32.dll
0x00007ff9a3850000 - 0x00007ff9a3886000 	C:\WINDOWS\SYSTEM32\WINMM.dll
0x00007ff995b00000 - 0x00007ff995b0b000 	C:\WINDOWS\SYSTEM32\VERSION.dll
0x00007ff9a5530000 - 0x00007ff9a558e000 	C:\WINDOWS\SYSTEM32\POWRPROF.dll
0x00007ff9a5510000 - 0x00007ff9a5524000 	C:\WINDOWS\SYSTEM32\UMPDC.dll
0x00007ff9a57f0000 - 0x00007ff9a580a000 	C:\WINDOWS\SYSTEM32\kernel.appcore.dll
0x00007ff991f10000 - 0x00007ff991f1a000 	C:\Program Files\Java\jdk-22\bin\jimage.dll
0x00007ff9a3fd0000 - 0x00007ff9a4211000 	C:\WINDOWS\SYSTEM32\DBGHELP.DLL
0x00007ff9a7a70000 - 0x00007ff9a7df3000 	C:\WINDOWS\System32\combase.dll
0x00007ff9a9370000 - 0x00007ff9a9446000 	C:\WINDOWS\System32\OLEAUT32.dll
0x00007ff988460000 - 0x00007ff988499000 	C:\WINDOWS\SYSTEM32\dbgcore.DLL
0x00007ff9a6d30000 - 0x00007ff9a6dc9000 	C:\WINDOWS\System32\bcryptPrimitives.dll
0x00007ff990570000 - 0x00007ff99058e000 	C:\Program Files\Java\jdk-22\bin\java.dll
0x00007ff9a8500000 - 0x00007ff9a8c29000 	C:\WINDOWS\System32\SHELL32.dll
0x00007ff9a6b30000 - 0x00007ff9a6c98000 	C:\WINDOWS\System32\wintypes.dll
0x00007ff9a8e40000 - 0x00007ff9a8fd6000 	C:\WINDOWS\System32\ole32.dll

dbghelp: loaded successfully - version: 4.0.5 - missing functions: none
symbol engine: initialized successfully - sym options: 0x614 - pdb path: .;C:\Program Files\Java\jdk-22\bin;C:\WINDOWS\SYSTEM32;C:\WINDOWS\WinSxS\amd64_microsoft.windows.common-controls_6595b64144ccf1df_6.0.26100.3624_none_3e086962e3345f24;C:\Program Files\Java\jdk-22\bin\server

VM Arguments:
java_command: C:\Users\Fawzi Ouaheb\OneDrive\Bureau\Projet Crèches\code\2024_M2_PRO-03_GR11\app-front-site-vitrine\node_modules\@openapitools\openapi-generator-cli\versions\7.9.0.jar help
java_class_path (initial): C:\Users\Fawzi Ouaheb\OneDrive\Bureau\Projet Crèches\code\2024_M2_PRO-03_GR11\app-front-site-vitrine\node_modules\@openapitools\openapi-generator-cli\versions\7.9.0.jar
Launcher Type: SUN_STANDARD

[Global flags]
     intx CICompilerCount                          = 4                                         {product} {ergonomic}
     uint ConcGCThreads                            = 2                                         {product} {ergonomic}
     uint G1ConcRefinementThreads                  = 8                                         {product} {ergonomic}
   size_t G1HeapRegionSize                         = 1048576                                   {product} {ergonomic}
   size_t InitialHeapSize                          = 130023424                                 {product} {ergonomic}
   size_t MarkStackSize                            = 4194304                                   {product} {ergonomic}
   size_t MaxHeapSize                              = 2080374784                                {product} {ergonomic}
   size_t MinHeapDeltaBytes                        = 1048576                                   {product} {ergonomic}
   size_t MinHeapSize                              = 8388608                                   {product} {ergonomic}
    uintx NonNMethodCodeHeapSize                   = 5839372                                {pd product} {ergonomic}
    uintx NonProfiledCodeHeapSize                  = 122909434                              {pd product} {ergonomic}
    uintx ProfiledCodeHeapSize                     = 122909434                              {pd product} {ergonomic}
    uintx ReservedCodeCacheSize                    = 251658240                              {pd product} {ergonomic}
     bool SegmentedCodeCache                       = true                                      {product} {ergonomic}
   size_t SoftMaxHeapSize                          = 2080374784                             {manageable} {ergonomic}
     bool UseCompressedOops                        = true                           {product lp64_product} {ergonomic}
     bool UseG1GC                                  = true                                      {product} {ergonomic}
     bool UseLargePagesIndividualAllocation        = false                                  {pd product} {ergonomic}

Logging:
Log output configuration:
 #0: stdout all=warning uptime,level,tags foldmultilines=false
 #1: stderr all=off uptime,level,tags foldmultilines=false

Environment Variables:
JAVA_HOME=C:\Program Files\Java\jdk-22
PATH=C:\Users\Fawzi Ouaheb\OneDrive\Bureau\Projet Crèches\code\2024_M2_PRO-03_GR11\app-front-site-vitrine\node_modules\.bin;C:\Users\Fawzi Ouaheb\OneDrive\Bureau\Projet Crèches\code\2024_M2_PRO-03_GR11\node_modules\.bin;C:\Users\Fawzi Ouaheb\OneDrive\Bureau\Projet Crèches\code\node_modules\.bin;C:\Users\Fawzi Ouaheb\OneDrive\Bureau\Projet Crèches\node_modules\.bin;C:\Users\Fawzi Ouaheb\OneDrive\Bureau\node_modules\.bin;C:\Users\Fawzi Ouaheb\OneDrive\node_modules\.bin;C:\Users\Fawzi Ouaheb\node_modules\.bin;C:\Users\node_modules\.bin;C:\node_modules\.bin;C:\Program Files\nodejs\node_modules\npm\node_modules\@npmcli\run-script\lib\node-gyp-bin;C:\Users\Fawzi Ouaheb\OneDrive\Bureau\Projet Crèches\code\2024_M2_PRO-03_GR11\app-front-site-vitrine\node_modules\.bin;C:\Users\Fawzi Ouaheb\OneDrive\Bureau\Projet Crèches\code\2024_M2_PRO-03_GR11\node_modules\.bin;C:\Users\Fawzi Ouaheb\OneDrive\Bureau\Projet Crèches\code\node_modules\.bin;C:\Users\Fawzi Ouaheb\OneDrive\Bureau\Projet Crèches\node_modules\.bin;C:\Users\Fawzi Ouaheb\OneDrive\Bureau\node_modules\.bin;C:\Users\Fawzi Ouaheb\OneDrive\node_modules\.bin;C:\Users\Fawzi Ouaheb\node_modules\.bin;C:\Users\node_modules\.bin;C:\node_modules\.bin;C:\Program Files\nodejs\node_modules\npm\node_modules\@npmcli\run-script\lib\node-gyp-bin;C:\Program Files (x86)\VMware\VMware Workstation\bin\;C:\Program Files\Common Files\Oracle\Java\javapath;C:\Program Files (x86)\Common Files\Oracle\Java\java8path;C:\Program Files (x86)\Common Files\Oracle\Java\javapath;C:\WINDOWS\system32;C:\WINDOWS;C:\WINDOWS\System32\Wbem;C:\WINDOWS\System32\WindowsPowerShell\v1.0\;C:\WINDOWS\System32\OpenSSH\;C:\Program Files\nodejs\;C:\wamp64\bin\php\php8.3.0;C:\Program Files\ngrok;C:\Program Files\john-1.9.0-jumbo-1-win64\run;C:\Program Files\Docker\Docker\resources\bin;C:\Users\Fawzi Ouaheb\apache-maven-3.9.6\bin;C:\Program Files\mongosh-2.2.5-win32-x64\bin;C:\Program Files\MongoDB\Server\7.0\bin;C:\Program Files\CMake\bin;C:\Program Files (x86)\GnuWin32\bin;C:\Program Files\gcc-14.1.0-no-debug\bin;C:\Program Files\mingw64\bin;C:\Program Files\CrowdSec\;C:\Program Files\PuTTY\;C:\Program Files\Java\jdk-22\bin;C:\Users\Fawzi Ouaheb\AppData\Local\Microsoft\WindowsApps;C:\wamp64\bin\php\php7.4.33;C:\Users\Fawzi Ouaheb\AppData\Local\ComposerSetup\bin;C:\Users\Fawzi Ouaheb\AppData\Roaming\Composer\vendor\bin;C:\Users\Fawzi Ouaheb\AppData\Roaming\npm;C:\Users\Fawzi Ouaheb\AppData\Local\Programs\Microsoft VS Code\bin;C:\Users\Fawzi Ouaheb\AppData\Local\Programs\Git\cmd
USERNAME=Fawzi Ouaheb
LANG=en_US.UTF-8
OS=Windows_NT
PROCESSOR_IDENTIFIER=Intel64 Family 6 Model 142 Stepping 12, GenuineIntel
TMP=C:\Users\FAWZIO~1\AppData\Local\Temp
TEMP=C:\Users\FAWZIO~1\AppData\Local\Temp




Periodic native trim disabled

---------------  S Y S T E M  ---------------

OS:
 Windows 11 , 64 bit Build 26100 (10.0.26100.3624)
OS uptime: 5 days 2:23 hours
Hyper-V role detected

CPU: total 8 (initial active 8) (4 cores per cpu, 2 threads per core) family 6 model 142 stepping 12 microcode 0xea, cx8, cmov, fxsr, ht, mmx, 3dnowpref, sse, sse2, sse3, ssse3, sse4.1, sse4.2, popcnt, lzcnt, tsc, tscinvbit, avx, avx2, aes, erms, clmul, bmi1, bmi2, adx, fma, vzeroupper, clflush, clflushopt, hv, rdtscp, f16c
Processor Information for all 8 processors :
  Max Mhz: 1800, Current Mhz: 1600, Mhz Limit: 1584

Memory: 4k page, system-wide physical 7934M (926M free)
TotalPageFile size 22886M (AvailPageFile size 372M)
current process WorkingSet (physical memory assigned to process): 13M, peak: 13M
current process commit charge ("private bytes"): 60M, peak: 184M

vm_info: Java HotSpot(TM) 64-Bit Server VM (22.0.2+9-70) for windows-amd64 JRE (22.0.2+9-70), built on 2024-06-04T16:52:23Z by "mach5one" with MS VC++ 17.6 (VS2022)

END.
